#
# There is insufficient memory for the Java Runtime Environment to continue.
# Native memory allocation (mmap) failed to map 132120576 bytes for G1 virtual space
# Possible reasons:
#   The system is out of physical RAM or swap space
#   The process is running with CompressedOops enabled, and the Java Heap may be blocking the growth of the native heap
# Possible solutions:
#   Reduce memory load on the system
#   Increase physical memory or swap space
#   Check if swap backing store is full
#   Decrease Java heap size (-Xmx/-Xms)
#   Decrease number of Java threads
#   Decrease Java thread stack sizes (-Xss)
#   Set larger code cache with -XX:ReservedCodeCacheSize=
#   JVM is running with Unscaled Compressed Oops mode in which the Java heap is
#     placed in the first 4GB address space. The Java Heap base address is the
#     maximum limit for the native heap growth. Please use -XX:HeapBaseMinAddress
#     to set the Java Heap base and to place the Java Heap above 4GB virtual address.
# This output file may be truncated or incomplete.
#
#  Out of Memory Error (os_windows.cpp:3548), pid=15820, tid=13328
#
# JRE version:  (17.0.12+8) (build )
# Java VM: Java HotSpot(TM) 64-Bit Server VM (17.0.12+8-LTS-286, mixed mode, sharing, tiered, compressed oops, compressed class ptrs, g1 gc, windows-amd64)
# No core dump will be written. Minidumps are not enabled by default on client versions of Windows
#

---------------  S U M M A R Y ------------

Command Line: org.jetbrains.kotlin.cli.jvm.K2JVMCompiler @D:\MobileApp\MrWhiteGloves\partner\node_modules\@react-native\gradle-plugin\shared\build\20251202_12090171396390656460.compiler.options

Host: Intel(R) Core(TM) i5-10300H CPU @ 2.50GHz, 8 cores, 7G,  Windows 11 , 64 bit Build 26100 (10.0.26100.7019)
Time: Tue Dec  2 12:26:55 2025 India Standard Time elapsed time: 2.023757 seconds (0d 0h 0m 2s)

---------------  T H R E A D  ---------------

Current thread (0x000001818dabc300):  JavaThread "Unknown thread" [_thread_in_vm, id=13328, stack(0x00000027aa500000,0x00000027aa600000)]

Stack: [0x00000027aa500000,0x00000027aa600000]
Native frames: (J=compiled Java code, j=interpreted, Vv=VM code, C=native code)
V  [jvm.dll+0x67a04a]
V  [jvm.dll+0x7da4ed]
V  [jvm.dll+0x7dbe33]
V  [jvm.dll+0x7dc4a3]
V  [jvm.dll+0x24508f]
V  [jvm.dll+0x677089]
V  [jvm.dll+0x66bd32]
V  [jvm.dll+0x301fa6]
V  [jvm.dll+0x309546]
V  [jvm.dll+0x359d2e]
V  [jvm.dll+0x359f5f]
V  [jvm.dll+0x2d9078]
V  [jvm.dll+0x2d9fe4]
V  [jvm.dll+0x7aca21]
V  [jvm.dll+0x367591]
V  [jvm.dll+0x78b999]
V  [jvm.dll+0x3ec83f]
V  [jvm.dll+0x3ee471]
C  [jli.dll+0x5297]
C  [ucrtbase.dll+0x37b0]
C  [KERNEL32.DLL+0x2e8d7]
C  [ntdll.dll+0x8c53c]


---------------  P R O C E S S  ---------------

Threads class SMR info:
_java_thread_list=0x00007ffb69fd7a18, length=0, elements={
}

Java Threads: ( => current thread )

Other Threads:
  0x000001818db15a30 GCTaskThread "GC Thread#0" [stack: 0x00000027aa600000,0x00000027aa700000] [id=27664]
  0x000001818db650e0 ConcurrentGCThread "G1 Main Marker" [stack: 0x00000027aa700000,0x00000027aa800000] [id=22080]
  0x000001818db65af0 ConcurrentGCThread "G1 Conc#0" [stack: 0x00000027aa800000,0x00000027aa900000] [id=9824]

[error occurred during error reporting (printing all threads), id 0xc0000005, EXCEPTION_ACCESS_VIOLATION (0xc0000005) at pc=0x00007ffb69809b67]

VM state: not at safepoint (not fully initialized)

VM Mutex/Monitor currently owned by a thread:  ([mutex/lock_event])
[0x000001818dab8930] Heap_lock - owner thread: 0x000001818dabc300

Heap address: 0x0000000082800000, size: 2008 MB, Compressed Oops mode: 32-bit

CDS archive(s) mapped at: [0x0000000000000000-0x0000000000000000-0x0000000000000000), size 0, SharedBaseAddress: 0x0000000800000000, ArchiveRelocationMode: 1.
Narrow klass base: 0x0000000000000000, Narrow klass shift: 0, Narrow klass range: 0x0

GC Precious Log:
<Empty>

Heap:
 garbage-first heap   total 0K, used 0K [0x0000000082800000, 0x0000000100000000)
  region size 1024K, 0 young (0K), 0 survivors (0K)

[error occurred during error reporting (printing heap information), id 0xc0000005, EXCEPTION_ACCESS_VIOLATION (0xc0000005) at pc=0x00007ffb69bf3859]

GC Heap History (0 events):
No events

Deoptimization events (0 events):
No events

Classes unloaded (0 events):
No events

Classes redefined (0 events):
No events

Internal exceptions (0 events):
No events

VM Operations (0 events):
No events

Events (1 events):
Event: 0.007 Loaded shared library C:\Program Files\Java\jdk-17\bin\java.dll


Dynamic libraries:
0x00007ff71bbf0000 - 0x00007ff71bc00000 	C:\Program Files\Java\jdk-17\bin\java.exe
0x00007ffbdfa20000 - 0x00007ffbdfc88000 	C:\WINDOWS\SYSTEM32\ntdll.dll
0x00007ffbde3c0000 - 0x00007ffbde489000 	C:\WINDOWS\System32\KERNEL32.DLL
0x00007ffbdcb70000 - 0x00007ffbdcf68000 	C:\WINDOWS\System32\KERNELBASE.dll
0x00007ffbdd380000 - 0x00007ffbdd4cb000 	C:\WINDOWS\System32\ucrtbase.dll
0x00007ffbc0d00000 - 0x00007ffbc0d19000 	C:\Program Files\Java\jdk-17\bin\jli.dll
0x00007ffbb9f70000 - 0x00007ffbb9f8b000 	C:\Program Files\Java\jdk-17\bin\VCRUNTIME140.dll
0x00007ffbde300000 - 0x00007ffbde3b4000 	C:\WINDOWS\System32\ADVAPI32.dll
0x00007ffbdf580000 - 0x00007ffbdf629000 	C:\WINDOWS\System32\msvcrt.dll
0x00007ffbdf2c0000 - 0x00007ffbdf366000 	C:\WINDOWS\System32\sechost.dll
0x00007ffbdd7c0000 - 0x00007ffbdd8d8000 	C:\WINDOWS\System32\RPCRT4.dll
0x00007ffbde130000 - 0x00007ffbde2f7000 	C:\WINDOWS\System32\USER32.dll
0x00007ffbdd2c0000 - 0x00007ffbdd2e7000 	C:\WINDOWS\System32\win32u.dll
0x00007ffbdbd80000 - 0x00007ffbdc014000 	C:\WINDOWS\WinSxS\amd64_microsoft.windows.common-controls_6595b64144ccf1df_6.0.26100.7019_none_3e06ffa0e335b8a8\COMCTL32.dll
0x00007ffbdd8e0000 - 0x00007ffbdd90b000 	C:\WINDOWS\System32\GDI32.dll
0x00007ffbdd0e0000 - 0x00007ffbdd20c000 	C:\WINDOWS\System32\gdi32full.dll
0x00007ffbdd210000 - 0x00007ffbdd2b3000 	C:\WINDOWS\System32\msvcp_win.dll
0x00007ffbcd0b0000 - 0x00007ffbcd0bb000 	C:\WINDOWS\SYSTEM32\VERSION.dll
0x00007ffbdde20000 - 0x00007ffbdde51000 	C:\WINDOWS\System32\IMM32.DLL
0x00007ffbbe060000 - 0x00007ffbbe06c000 	C:\Program Files\Java\jdk-17\bin\vcruntime140_1.dll
0x00007ffbaae70000 - 0x00007ffbaaefe000 	C:\Program Files\Java\jdk-17\bin\msvcp140.dll
0x00007ffb69520000 - 0x00007ffb6a100000 	C:\Program Files\Java\jdk-17\bin\server\jvm.dll
0x00007ffbdf4e0000 - 0x00007ffbdf4e8000 	C:\WINDOWS\System32\PSAPI.DLL
0x00007ffbc9220000 - 0x00007ffbc9255000 	C:\WINDOWS\SYSTEM32\WINMM.dll
0x00007ffbd70b0000 - 0x00007ffbd70ba000 	C:\WINDOWS\SYSTEM32\WSOCK32.dll
0x00007ffbddda0000 - 0x00007ffbdde14000 	C:\WINDOWS\System32\WS2_32.dll
0x00007ffbdb1e0000 - 0x00007ffbdb1fb000 	C:\WINDOWS\SYSTEM32\kernel.appcore.dll
0x00007ffbbdbe0000 - 0x00007ffbbdbea000 	C:\Program Files\Java\jdk-17\bin\jimage.dll
0x00007ffbdc330000 - 0x00007ffbdc572000 	C:\WINDOWS\SYSTEM32\DBGHELP.DLL
0x00007ffbdee30000 - 0x00007ffbdf1bb000 	C:\WINDOWS\System32\combase.dll
0x00007ffbdf780000 - 0x00007ffbdf857000 	C:\WINDOWS\System32\OLEAUT32.dll
0x00007ffbdc220000 - 0x00007ffbdc25c000 	C:\WINDOWS\SYSTEM32\dbgcore.DLL
0x00007ffbdcf70000 - 0x00007ffbdd015000 	C:\WINDOWS\System32\bcryptPrimitives.dll
0x00007ffbb0340000 - 0x00007ffbb0365000 	C:\Program Files\Java\jdk-17\bin\java.dll

dbghelp: loaded successfully - version: 4.0.5 - missing functions: none
symbol engine: initialized successfully - sym options: 0x614 - pdb path: .;C:\Program Files\Java\jdk-17\bin;C:\WINDOWS\SYSTEM32;C:\WINDOWS\WinSxS\amd64_microsoft.windows.common-controls_6595b64144ccf1df_6.0.26100.7019_none_3e06ffa0e335b8a8;C:\Program Files\Java\jdk-17\bin\server

VM Arguments:
java_command: org.jetbrains.kotlin.cli.jvm.K2JVMCompiler @D:\MobileApp\MrWhiteGloves\partner\node_modules\@react-native\gradle-plugin\shared\build\20251202_12090171396390656460.compiler.options
java_class_path (initial): C:\Users\Vivek\.gradle\caches\modules-2\files-2.1\org.jetbrains.kotlin\kotlin-compiler-embeddable\2.1.20\4ef56b3316798316bfac7a0ae443391c9e900ea1\kotlin-compiler-embeddable-2.1.20.jar;C:\Users\Vivek\.gradle\caches\modules-2\files-2.1\org.jetbrains.kotlin\kotlin-stdlib\2.1.20\aa8ca79cd50578314f6d1180c47cbe14c0fee567\kotlin-stdlib-2.1.20.jar;C:\Users\Vivek\.gradle\caches\modules-2\files-2.1\org.jetbrains.kotlin\kotlin-script-runtime\2.1.20\f7c623d7f7bdb01f5ccd6b437bc0a937fcd7c57e\kotlin-script-runtime-2.1.20.jar;C:\Users\Vivek\.gradle\caches\modules-2\files-2.1\org.jetbrains.kotlin\kotlin-reflect\1.6.10\1cbe9c92c12a94eea200d23c2bbaedaf3daf5132\kotlin-reflect-1.6.10.jar;C:\Users\Vivek\.gradle\caches\modules-2\files-2.1\org.jetbrains.kotlin\kotlin-daemon-embeddable\2.1.20\95670fce77befd02a70a0bc3abe8ee4533521334\kotlin-daemon-embeddable-2.1.20.jar;C:\Users\Vivek\.gradle\caches\modules-2\files-2.1\org.jetbrains.intellij.deps\trove4j\1.0.20200330\3afb14d5f9ceb459d724e907a21145e8ff394f02\trove4j-1.0.20200330.jar;C:\Users\Vivek\.gradle\caches\modules-2\files-2.1\org.jetbrains.kotlinx\kotlinx-coroutines-core-jvm\1.8.0\ac1dc37a30a93150b704022f8d895ee1bd3a36b3\kotlinx-coroutines-core-jvm-1.8.0.jar;C:\Users\Vivek\.gradle\caches\modules-2\files-2.1\org.jetbrains\annotations\13.0\919f0dfe192fb4e063e7dacadee7f8bb9a2672a9\annotations-13.0.jar
Launcher Type: SUN_STANDARD

[Global flags]
     intx CICompilerCount                          = 4                                         {product} {ergonomic}
     uint ConcGCThreads                            = 2                                         {product} {ergonomic}
     uint G1ConcRefinementThreads                  = 8                                         {product} {ergonomic}
   size_t G1HeapRegionSize                         = 1048576                                   {product} {ergonomic}
    uintx GCDrainStackTargetSize                   = 64                                        {product} {ergonomic}
   size_t InitialHeapSize                          = 132120576                                 {product} {ergonomic}
   size_t MarkStackSize                            = 4194304                                   {product} {ergonomic}
   size_t MaxHeapSize                              = 2105540608                                {product} {ergonomic}
   size_t MinHeapDeltaBytes                        = 1048576                                   {product} {ergonomic}
   size_t MinHeapSize                              = 8388608                                   {product} {ergonomic}
    uintx NonNMethodCodeHeapSize                   = 5839372                                {pd product} {ergonomic}
    uintx NonProfiledCodeHeapSize                  = 122909434                              {pd product} {ergonomic}
    uintx ProfiledCodeHeapSize                     = 122909434                              {pd product} {ergonomic}
    uintx ReservedCodeCacheSize                    = 251658240                              {pd product} {ergonomic}
     bool SegmentedCodeCache                       = true                                      {product} {ergonomic}
   size_t SoftMaxHeapSize                          = 2105540608                             {manageable} {ergonomic}
     bool UseCompressedClassPointers               = true                           {product lp64_product} {ergonomic}
     bool UseCompressedOops                        = true                           {product lp64_product} {ergonomic}
     bool UseG1GC                                  = true                                      {product} {ergonomic}
     bool UseLargePagesIndividualAllocation        = false                                  {pd product} {ergonomic}

Logging:
Log output configuration:
 #0: stdout all=warning uptime,level,tags
 #1: stderr all=off uptime,level,tags

Environment Variables:
PATH=C:\Program Files\Common Files\Oracle\Java\javapath;C:\WINDOWS\system32;C:\WINDOWS;C:\WINDOWS\System32\Wbem;C:\WINDOWS\System32\WindowsPowerShell\v1.0\;C:\WINDOWS\System32\OpenSSH\;C:\Program Files\Git\cmd;C:\ProgramData\chocolatey\bin;C:\MinGW\bin;C:\Users\Vivek\AppData\Roaming\nvm;C:\Program Files\nodejs;C:\Program Files\nodejs;C:\Users\Vivek\AppData\Roaming\npm;C:\Users\Vivek\Downloads\stripe_1.21.10_windows_x86_64;C:\Python312\python.exe;C:\Users\Vivek\AppData\Local\Microsoft\WindowsApps\python.exe;C:\Program Files\MySQL\MySQL Server 8.0\bin;C:\Program Files\nodejs\;C:\Users\Vivek\AppData\Local\Android\Sdk\platform-tools;C:\Users\Vivek\AppData\Local\Android\Sdk;C:\Users\Vivek\AppData\Local\Android\Sdk\emulator;C:\Program Files\Java\jdk-17\bin;C:\Users\Vivek\AppData\Local\Android\Sdk\cmdline-tools\latest\bin;D:\AppDev\flutter\bin;C:\Users\Vivek\AppData\Local\Microsoft\WindowsApps;C:\Users\Vivek\AppData\Local\Programs\Microsoft VS Code\bin;C:\Program Files\MongoDB\Server\6.0\bin;C:\Users\Vivek\AppData\Roaming\nvm;C:\Program Files\nodejs;C:\Program Files\nodejs;C:\Users\Vivek\AppData\Roaming\npm;C:\Users\Vivek\AppData\Local\Android\Sdk;C:\Users\Vivek\AppData\Local\Android\Sdk\emulator;C:\Users\Vivek\AppData\Local\Android\Sdk\platform-tools;C:\Program Files\Java\jdk-17\bin;C:\Users\Vivek\AppData\Local\Android\Sdk\cmdline-tools\latest\bin;
USERNAME=Vivek
OS=Windows_NT
PROCESSOR_IDENTIFIER=Intel64 Family 6 Model 165 Stepping 2, GenuineIntel



---------------  S Y S T E M  ---------------

OS:
 Windows 11 , 64 bit Build 26100 (10.0.26100.7019)
OS uptime: 0 days 22:29 hours
Hyper-V role detected

CPU: total 8 (initial active 8) (4 cores per cpu, 2 threads per core) family 6 model 165 stepping 2 microcode 0xe0, cx8, cmov, fxsr, ht, mmx, 3dnowpref, sse, sse2, sse3, ssse3, sse4.1, sse4.2, popcnt, lzcnt, tsc, tscinvbit, avx, avx2, aes, erms, clmul, bmi1, bmi2, adx, fma, vzeroupper, clflush, clflushopt, hv

Memory: 4k page, system-wide physical 8029M (560M free)
TotalPageFile size 32605M (AvailPageFile size 108M)
current process WorkingSet (physical memory assigned to process): 12M, peak: 12M
current process commit charge ("private bytes"): 60M, peak: 186M

vm_info: Java HotSpot(TM) 64-Bit Server VM (17.0.12+8-LTS-286) for windows-amd64 JRE (17.0.12+8-LTS-286), built on Jun  5 2024 06:46:59 by "mach5one" with MS VC++ 17.6 (VS2022)

END.
